<?xml version="1.0" encoding="UTF-8"?>
<testsuite xmlns:xsi="http://www.w3.org/2001/XMLSchema-instance" xsi:noNamespaceSchemaLocation="https://maven.apache.org/surefire/maven-surefire-plugin/xsd/surefire-test-report-3.0.xsd" version="3.0" name="com.example.productdetailsservice.ProductdetailsserviceApplicationTests" time="5.04" tests="1" errors="0" skipped="0" failures="0">
  <properties>
[...]
</properties>
  <testcase name="contextLoads" classname="com.example.productdetailsservice.ProductdetailsserviceApplicationTests" time="0.961">
    <system-out><![CDATA[17:02:04.257 [main] INFO org.springframework.test.context.support.AnnotationConfigContextLoaderUtils -- Could not detect default configuration classes for test class [com.example.productdetailsservice.ProductdetailsserviceApplicationTests]: ProductdetailsserviceApplicationTests does not declare any static, non-private, non-final, nested classes annotated with @Configuration.
17:02:04.376 [main] INFO org.springframework.boot.test.context.SpringBootTestContextBootstrapper -- Found @SpringBootConfiguration com.example.productdetailsservice.ProductdetailsserviceApplication for test class com.example.productdetailsservice.ProductdetailsserviceApplicationTests

  .   ____          _            __ _ _
 /\\ / ___'_ __ _ _(_)_ __  __ _ \ \ \ \
( ( )\___ | '_ | '_| | '_ \/ _` | \ \ \ \
 \\/  ___)| |_)| | | | | || (_| |  ) ) ) )
  '  |____| .__|_| |_|_| |_\__, | / / / /
 =========|_|==============|___/=/_/_/_/
 :: Spring Boot ::                (v3.1.2)

2024-02-08T17:02:04.917+07:00  INFO 36908 --- [           main] .p.ProductdetailsserviceApplicationTests : Starting ProductdetailsserviceApplicationTests using Java 17.0.10 with PID 36908 (started by Admin in C:\Users\Admin\Desktop\Project\AmazonClone\Backend\productdetailsservice)
2024-02-08T17:02:04.919+07:00  INFO 36908 --- [           main] .p.ProductdetailsserviceApplicationTests : No active profile set, falling back to 1 default profile: "default"
2024-02-08T17:02:05.726+07:00  INFO 36908 --- [           main] .s.d.r.c.RepositoryConfigurationDelegate : Multiple Spring Data modules found, entering strict repository configuration mode
2024-02-08T17:02:05.727+07:00  INFO 36908 --- [           main] .s.d.r.c.RepositoryConfigurationDelegate : Bootstrapping Spring Data MongoDB repositories in DEFAULT mode.
2024-02-08T17:02:05.786+07:00  INFO 36908 --- [           main] .s.d.r.c.RepositoryConfigurationDelegate : Finished Spring Data repository scanning in 54 ms. Found 1 MongoDB repository interfaces.
2024-02-08T17:02:06.424+07:00  INFO 36908 --- [           main] org.mongodb.driver.client                : MongoClient with metadata {"driver": {"name": "mongo-java-driver|sync|spring-boot", "version": "4.9.1"}, "os": {"type": "Windows", "name": "Windows 11", "architecture": "amd64", "version": "10.0"}, "platform": "Java/Oracle Corporation/17.0.10+11-LTS-240"} created with settings MongoClientSettings{readPreference=primary, writeConcern=WriteConcern{w=null, wTimeout=null ms, journal=null}, retryWrites=true, retryReads=true, readConcern=ReadConcern{level=null}, credential=MongoCredential{mechanism=null, userName='root', source='admin', password=<hidden>, mechanismProperties=<hidden>}, streamFactoryFactory=null, commandListeners=[], codecRegistry=ProvidersCodecRegistry{codecProviders=[ValueCodecProvider{}, BsonValueCodecProvider{}, DBRefCodecProvider{}, DBObjectCodecProvider{}, DocumentCodecProvider{}, CollectionCodecProvider{}, IterableCodecProvider{}, MapCodecProvider{}, GeoJsonCodecProvider{}, GridFSFileCodecProvider{}, Jsr310CodecProvider{}, JsonObjectCodecProvider{}, BsonCodecProvider{}, EnumCodecProvider{}, com.mongodb.client.model.mql.ExpressionCodecProvider@6fc1020a, com.mongodb.Jep395RecordCodecProvider@5762658b]}, loggerSettings=LoggerSettings{maxDocumentLength=1000}, clusterSettings={hosts=[127.0.0.1:27017], srvHost=cluster0.gogvvgz.mongodb.net, srvServiceName=mongodb, mode=MULTIPLE, requiredClusterType=REPLICA_SET, requiredReplicaSetName='atlas-an5fbu-shard-0', serverSelector='null', clusterListeners='[]', serverSelectionTimeout='30000 ms', localThreshold='30000 ms'}, socketSettings=SocketSettings{connectTimeoutMS=10000, readTimeoutMS=0, receiveBufferSize=0, sendBufferSize=0}, heartbeatSocketSettings=SocketSettings{connectTimeoutMS=10000, readTimeoutMS=10000, receiveBufferSize=0, sendBufferSize=0}, connectionPoolSettings=ConnectionPoolSettings{maxSize=100, minSize=0, maxWaitTimeMS=120000, maxConnectionLifeTimeMS=0, maxConnectionIdleTimeMS=0, maintenanceInitialDelayMS=0, maintenanceFrequencyMS=60000, connectionPoolListeners=[], maxConnecting=2}, serverSettings=ServerSettings{heartbeatFrequencyMS=10000, minHeartbeatFrequencyMS=500, serverListeners='[]', serverMonitorListeners='[]'}, sslSettings=SslSettings{enabled=true, invalidHostNameAllowed=false, context=null}, applicationName='null', compressorList=[], uuidRepresentation=JAVA_LEGACY, serverApi=null, autoEncryptionSettings=null, contextProvider=null}
2024-02-08T17:02:06.469+07:00  INFO 36908 --- [vgz.mongodb.net] org.mongodb.driver.cluster               : Adding discovered server ac-j5xuufn-shard-00-00.gogvvgz.mongodb.net:27017 to client view of cluster
2024-02-08T17:02:06.511+07:00  INFO 36908 --- [vgz.mongodb.net] org.mongodb.driver.cluster               : Adding discovered server ac-j5xuufn-shard-00-01.gogvvgz.mongodb.net:27017 to client view of cluster
2024-02-08T17:02:06.512+07:00  INFO 36908 --- [vgz.mongodb.net] org.mongodb.driver.cluster               : Adding discovered server ac-j5xuufn-shard-00-02.gogvvgz.mongodb.net:27017 to client view of cluster
2024-02-08T17:02:07.250+07:00  INFO 36908 --- [ngodb.net:27017] org.mongodb.driver.cluster               : Monitor thread successfully connected to server with description ServerDescription{address=ac-j5xuufn-shard-00-00.gogvvgz.mongodb.net:27017, type=REPLICA_SET_SECONDARY, state=CONNECTED, ok=true, minWireVersion=0, maxWireVersion=17, maxDocumentSize=16777216, logicalSessionTimeoutMinutes=30, roundTripTimeNanos=434301899, setName='atlas-an5fbu-shard-0', canonicalAddress=ac-j5xuufn-shard-00-00.gogvvgz.mongodb.net:27017, hosts=[ac-j5xuufn-shard-00-00.gogvvgz.mongodb.net:27017, ac-j5xuufn-shard-00-01.gogvvgz.mongodb.net:27017, ac-j5xuufn-shard-00-02.gogvvgz.mongodb.net:27017], passives=[], arbiters=[], primary='ac-j5xuufn-shard-00-02.gogvvgz.mongodb.net:27017', tagSet=TagSet{[Tag{name='availabilityZone', value='apse1-az1'}, Tag{name='diskState', value='READY'}, Tag{name='nodeType', value='ELECTABLE'}, Tag{name='provider', value='AWS'}, Tag{name='region', value='AP_SOUTHEAST_1'}, Tag{name='workloadType', value='OPERATIONAL'}]}, electionId=null, setVersion=9, topologyVersion=TopologyVersion{processId=65b91298df3c29d55485dcfe, counter=4}, lastWriteDate=Thu Feb 08 17:02:07 ICT 2024, lastUpdateTimeNanos=279828807649899}
2024-02-08T17:02:07.250+07:00  INFO 36908 --- [ngodb.net:27017] org.mongodb.driver.cluster               : Monitor thread successfully connected to server with description ServerDescription{address=ac-j5xuufn-shard-00-02.gogvvgz.mongodb.net:27017, type=REPLICA_SET_PRIMARY, state=CONNECTED, ok=true, minWireVersion=0, maxWireVersion=17, maxDocumentSize=16777216, logicalSessionTimeoutMinutes=30, roundTripTimeNanos=433277199, setName='atlas-an5fbu-shard-0', canonicalAddress=ac-j5xuufn-shard-00-02.gogvvgz.mongodb.net:27017, hosts=[ac-j5xuufn-shard-00-00.gogvvgz.mongodb.net:27017, ac-j5xuufn-shard-00-01.gogvvgz.mongodb.net:27017, ac-j5xuufn-shard-00-02.gogvvgz.mongodb.net:27017], passives=[], arbiters=[], primary='ac-j5xuufn-shard-00-02.gogvvgz.mongodb.net:27017', tagSet=TagSet{[Tag{name='availabilityZone', value='apse1-az3'}, Tag{name='diskState', value='READY'}, Tag{name='nodeType', value='ELECTABLE'}, Tag{name='provider', value='AWS'}, Tag{name='region', value='AP_SOUTHEAST_1'}, Tag{name='workloadType', value='OPERATIONAL'}]}, electionId=7fffffff00000000000000dc, setVersion=9, topologyVersion=TopologyVersion{processId=65b9153d10486354ac342c34, counter=6}, lastWriteDate=Thu Feb 08 17:02:07 ICT 2024, lastUpdateTimeNanos=279828807649999}
2024-02-08T17:02:07.251+07:00  INFO 36908 --- [ngodb.net:27017] org.mongodb.driver.cluster               : Monitor thread successfully connected to server with description ServerDescription{address=ac-j5xuufn-shard-00-01.gogvvgz.mongodb.net:27017, type=REPLICA_SET_SECONDARY, state=CONNECTED, ok=true, minWireVersion=0, maxWireVersion=17, maxDocumentSize=16777216, logicalSessionTimeoutMinutes=30, roundTripTimeNanos=433277199, setName='atlas-an5fbu-shard-0', canonicalAddress=ac-j5xuufn-shard-00-01.gogvvgz.mongodb.net:27017, hosts=[ac-j5xuufn-shard-00-00.gogvvgz.mongodb.net:27017, ac-j5xuufn-shard-00-01.gogvvgz.mongodb.net:27017, ac-j5xuufn-shard-00-02.gogvvgz.mongodb.net:27017], passives=[], arbiters=[], primary='ac-j5xuufn-shard-00-02.gogvvgz.mongodb.net:27017', tagSet=TagSet{[Tag{name='availabilityZone', value='apse1-az2'}, Tag{name='diskState', value='READY'}, Tag{name='nodeType', value='ELECTABLE'}, Tag{name='provider', value='AWS'}, Tag{name='region', value='AP_SOUTHEAST_1'}, Tag{name='workloadType', value='OPERATIONAL'}]}, electionId=null, setVersion=9, topologyVersion=TopologyVersion{processId=65b917561c5a6c93aad246b1, counter=3}, lastWriteDate=Thu Feb 08 17:02:07 ICT 2024, lastUpdateTimeNanos=279828807649899}
2024-02-08T17:02:07.262+07:00  INFO 36908 --- [ngodb.net:27017] org.mongodb.driver.cluster               : Discovered replica set primary ac-j5xuufn-shard-00-02.gogvvgz.mongodb.net:27017 with max election id 7fffffff00000000000000dc and max set version 9
2024-02-08T17:02:08.122+07:00  INFO 36908 --- [           main] .p.ProductdetailsserviceApplicationTests : Started ProductdetailsserviceApplicationTests in 3.566 seconds (process running for 4.71)
]]></system-out>
  </testcase>
</testsuite>